<?xml version="1.0" encoding="UTF-8"?>
<testng-results ignored="0" total="1" passed="1" failed="0" skipped="0">
  <reporter-output>
  </reporter-output>
  <suite started-at="2021-08-27T20:54:07 IST" name="Default suite" finished-at="2021-08-27T20:54:08 IST" duration-ms="1783">
    <groups>
    </groups>
    <test started-at="2021-08-27T20:54:07 IST" name="Default test" finished-at="2021-08-27T20:54:08 IST" duration-ms="1783">
      <class name="RestAssured">
        <test-method signature="Test()[pri:0, instance:RestAssured@3e6ef8ad]" started-at="2021-08-27T20:54:07 IST" name="Test" finished-at="2021-08-27T20:54:08 IST" duration-ms="1737" status="PASS">
          <reporter-output>
          </reporter-output>
        </test-method> <!-- Test -->
      </class> <!-- RestAssured -->
    </test> <!-- Default test -->
  </suite> <!-- Default suite -->
</testng-results>
