<?xml version="1.0" encoding="UTF-8"?>
<testng-results ignored="0" total="1" passed="1" failed="0" skipped="0">
  <reporter-output>
  </reporter-output>
  <suite started-at="2021-08-30T14:28:17 IST" name="Default suite" finished-at="2021-08-30T14:28:19 IST" duration-ms="1744">
    <groups>
    </groups>
    <test started-at="2021-08-30T14:28:17 IST" name="Default test" finished-at="2021-08-30T14:28:19 IST" duration-ms="1744">
      <class name="com.jdbc.Named.Jdbc1ApplicationTests">
        <test-method signature="Test()[pri:0, instance:com.jdbc.Named.Jdbc1ApplicationTests@55634720]" started-at="2021-08-30T14:28:18 IST" name="Test" finished-at="2021-08-30T14:28:19 IST" duration-ms="1684" status="PASS">
          <reporter-output>
          </reporter-output>
        </test-method> <!-- Test -->
      </class> <!-- com.jdbc.Named.Jdbc1ApplicationTests -->
    </test> <!-- Default test -->
  </suite> <!-- Default suite -->
</testng-results>
